TN:
SF:src/model/db.ts
FN:71,init
FNF:1
FNH:1
FNDA:28,init
DA:1,1
DA:2,1
DA:3,1
DA:4,1
DA:5,1
DA:6,1
DA:7,1
DA:8,1
DA:9,1
DA:10,1
DA:11,1
DA:12,1
DA:13,1
DA:14,1
DA:15,1
DA:16,1
DA:17,1
DA:18,1
DA:19,1
DA:20,1
DA:21,1
DA:22,1
DA:23,1
DA:24,1
DA:25,1
DA:26,1
DA:27,1
DA:28,1
DA:29,1
DA:30,1
DA:31,1
DA:32,1
DA:33,1
DA:34,1
DA:35,1
DA:36,1
DA:37,1
DA:38,1
DA:39,1
DA:40,1
DA:41,1
DA:42,1
DA:43,1
DA:44,1
DA:45,1
DA:46,1
DA:47,1
DA:48,1
DA:49,1
DA:50,1
DA:51,1
DA:52,1
DA:53,1
DA:54,1
DA:55,1
DA:56,1
DA:57,1
DA:58,1
DA:59,1
DA:60,1
DA:61,1
DA:62,1
DA:63,1
DA:64,1
DA:65,1
DA:66,1
DA:67,1
DA:68,1
DA:69,1
DA:70,1
DA:71,1
DA:72,28
DA:73,28
DA:74,28
DA:75,28
DA:76,28
DA:77,0
DA:78,0
DA:79,1
DA:80,1
LF:80
LH:78
BRDA:71,0,0,28
BRDA:76,1,0,0
BRF:2
BRH:1
end_of_record
TN:
SF:src/model/store/json/collection-json-store.ts
FN:9,getAll
FN:14,getById
FN:20,getAllForUser
FN:25,createForUser
FN:33,update
FN:44,deleteAll
FN:52,deleteById
FN:62,addPlantToCollection
FNF:8
FNH:0
FNDA:0,getAll
FNDA:0,getById
FNDA:0,getAllForUser
FNDA:0,createForUser
FNDA:0,update
FNDA:0,deleteAll
FNDA:0,deleteById
FNDA:0,addPlantToCollection
DA:1,1
DA:2,1
DA:3,1
DA:4,1
DA:5,1
DA:6,1
DA:7,1
DA:8,1
DA:9,1
DA:10,0
DA:11,0
DA:12,1
DA:13,1
DA:14,1
DA:15,0
DA:16,0
DA:17,0
DA:18,1
DA:19,1
DA:20,1
DA:21,0
DA:22,0
DA:23,1
DA:24,1
DA:25,1
DA:26,0
DA:27,0
DA:28,0
DA:29,0
DA:30,0
DA:31,1
DA:32,1
DA:33,1
DA:34,0
DA:35,0
DA:36,0
DA:37,0
DA:38,0
DA:39,0
DA:40,0
DA:41,0
DA:42,1
DA:43,1
DA:44,1
DA:45,0
DA:46,0
DA:47,0
DA:48,0
DA:49,0
DA:50,1
DA:51,1
DA:52,1
DA:53,0
DA:54,0
DA:55,0
DA:56,0
DA:57,0
DA:58,0
DA:59,0
DA:60,1
DA:61,1
DA:62,1
DA:63,0
DA:64,0
DA:65,0
DA:66,0
DA:67,0
DA:68,0
DA:69,1
DA:70,1
LF:70
LH:32
BRF:0
BRH:0
end_of_record
TN:
SF:src/model/store/json/plant-json-store.ts
FN:8,getAll
FN:17,getById
FN:28,getAllForUser
FN:37,createForUser
FN:45,update
FN:56,deleteAll
FN:64,deleteById
FNF:7
FNH:7
FNDA:6,getAll
FNDA:10,getById
FNDA:4,getAllForUser
FNDA:32,createForUser
FNDA:2,update
FNDA:22,deleteAll
FNDA:2,deleteById
DA:1,1
DA:2,1
DA:3,1
DA:4,1
DA:5,1
DA:6,1
DA:7,1
DA:8,1
DA:9,6
DA:10,6
DA:11,6
DA:12,16
DA:13,16
DA:14,6
DA:15,1
DA:16,1
DA:17,1
DA:18,10
DA:19,10
DA:20,10
DA:21,10
DA:22,6
DA:23,6
DA:24,6
DA:25,6
DA:26,6
DA:27,1
DA:28,1
DA:29,4
DA:30,4
DA:31,4
DA:32,8
DA:33,8
DA:34,4
DA:35,1
DA:36,1
DA:37,1
DA:38,32
DA:39,32
DA:40,32
DA:41,32
DA:42,32
DA:43,1
DA:44,1
DA:45,1
DA:46,2
DA:47,2
DA:48,2
DA:49,0
DA:50,0
DA:51,2
DA:52,2
DA:53,2
DA:54,1
DA:55,1
DA:56,1
DA:57,22
DA:58,22
DA:59,22
DA:60,22
DA:61,22
DA:62,1
DA:63,1
DA:64,1
DA:65,2
DA:66,2
DA:67,2
DA:68,2
DA:69,2
DA:70,2
DA:71,2
DA:72,1
DA:73,1
LF:73
LH:71
BRDA:8,0,0,6
BRDA:11,1,0,16
BRDA:17,2,0,10
BRDA:21,3,0,4
BRDA:22,4,0,6
BRDA:20,5,0,6
BRDA:28,6,0,4
BRDA:30,7,0,8
BRDA:31,8,0,8
BRDA:37,9,0,32
BRDA:45,10,0,2
BRDA:48,11,0,0
BRDA:47,12,0,2
BRDA:56,13,0,22
BRDA:64,14,0,2
BRDA:67,15,0,0
BRDA:66,16,0,2
BRF:17
BRH:15
end_of_record
TN:
SF:src/model/store/json/store-util.ts
FNF:0
FNH:0
DA:1,1
DA:2,1
DA:3,1
DA:4,1
DA:5,1
DA:6,1
DA:7,1
LF:7
LH:7
BRF:0
BRH:0
end_of_record
TN:
SF:src/model/store/json/user-json-store.ts
FN:7,getAll
FN:12,getById
FN:18,create
FN:26,update
FN:37,deleteAll
FN:45,deleteById
FNF:6
FNH:6
FNDA:3,getAll
FNDA:5,getById
FNDA:32,create
FNDA:1,update
FNDA:9,deleteAll
FNDA:4,deleteById
DA:1,1
DA:2,1
DA:3,1
DA:4,1
DA:5,1
DA:6,1
DA:7,1
DA:8,3
DA:9,3
DA:10,1
DA:11,1
DA:12,1
DA:13,5
DA:14,5
DA:15,5
DA:16,1
DA:17,1
DA:18,1
DA:19,32
DA:20,32
DA:21,32
DA:22,32
DA:23,32
DA:24,1
DA:25,1
DA:26,1
DA:27,1
DA:28,1
DA:29,1
DA:30,0
DA:31,0
DA:32,1
DA:33,1
DA:34,1
DA:35,1
DA:36,1
DA:37,1
DA:38,9
DA:39,9
DA:40,9
DA:41,9
DA:42,9
DA:43,1
DA:44,1
DA:45,1
DA:46,4
DA:47,4
DA:48,4
DA:49,1
DA:50,1
DA:51,1
DA:52,1
DA:53,1
DA:54,1
LF:54
LH:52
BRDA:7,0,0,3
BRDA:12,1,0,5
BRDA:15,2,0,2
BRDA:14,3,0,3
BRDA:18,4,0,32
BRDA:26,5,0,1
BRDA:29,6,0,0
BRDA:28,7,0,1
BRDA:37,8,0,9
BRDA:45,9,0,4
BRDA:48,10,0,3
BRDA:49,11,0,1
BRDA:47,12,0,27
BRF:13
BRH:12
end_of_record
